2023-12-15T13:01:55.308748Z 0 [System] [MY-015015] [Server] MySQL Server - start.
2023-12-15T13:01:55.544565Z 0 [System] [MY-010116] [Server] C:\Users\Idriss Boukmouche\Desktop\pos\mysql\bin\mysqld_z.exe (mysqld 8.2.0) starting as process 5668
2023-12-15T13:01:55.568622Z 0 [Warning] [MY-010075] [Server] No existing UUID has been found, so we assume that this is the first time that this server has been started. Generating a new UUID: 1fa25f06-9b4a-11ee-9927-98e74377b297.
2023-12-15T13:01:55.575979Z 1 [System] [MY-013576] [InnoDB] InnoDB initialization has started.
2023-12-15T13:01:56.226067Z 1 [System] [MY-013577] [InnoDB] InnoDB initialization has ended.
2023-12-15T13:01:57.671976Z 0 [Warning] [MY-010068] [Server] CA certificate ca.pem is self signed.
2023-12-15T13:01:57.672681Z 0 [System] [MY-013602] [Server] Channel mysql_main configured to support TLS. Encrypted connections are now supported for this channel.
2023-12-15T13:01:58.130537Z 0 [System] [MY-011323] [Server] X Plugin ready for connections. Bind-address: '::' port: 33060
2023-12-15T13:01:58.130775Z 0 [System] [MY-010931] [Server] C:\Users\Idriss Boukmouche\Desktop\pos\mysql\bin\mysqld_z.exe: ready for connections. Version: '8.2.0'  socket: ''  port: 3311  MySQL Community Server - GPL.
2023-12-15T13:12:04.288577Z 0 [System] [MY-015015] [Server] MySQL Server - start.
2023-12-15T13:12:04.430926Z 0 [System] [MY-010116] [Server] C:\Users\Idriss Boukmouche\Desktop\pos\mysql\bin\mysqld_z.exe (mysqld 8.2.0) starting as process 10588
2023-12-15T13:12:04.442291Z 1 [System] [MY-013576] [InnoDB] InnoDB initialization has started.
2023-12-15T13:12:04.750102Z 1 [System] [MY-013577] [InnoDB] InnoDB initialization has ended.
2023-12-15T13:12:05.429722Z 0 [Warning] [MY-010068] [Server] CA certificate ca.pem is self signed.
2023-12-15T13:12:05.429988Z 0 [System] [MY-013602] [Server] Channel mysql_main configured to support TLS. Encrypted connections are now supported for this channel.
2023-12-15T13:12:05.529041Z 0 [System] [MY-011323] [Server] X Plugin ready for connections. Bind-address: '::' port: 33060
2023-12-15T13:12:05.529385Z 0 [System] [MY-010931] [Server] C:\Users\Idriss Boukmouche\Desktop\pos\mysql\bin\mysqld_z.exe: ready for connections. Version: '8.2.0'  socket: ''  port: 3311  MySQL Community Server - GPL.
2023-12-15T13:12:33.065699Z 11 [System] [MY-013172] [Server] Received SHUTDOWN from user root. Shutting down mysqld (Version: 8.2.0).
2023-12-15T13:12:33.066939Z 0 [System] [MY-013105] [Server] C:\Users\Idriss Boukmouche\Desktop\pos\mysql\bin\mysqld_z.exe: Normal shutdown.
2023-12-15T13:12:33.558839Z 0 [System] [MY-010910] [Server] C:\Users\Idriss Boukmouche\Desktop\pos\mysql\bin\mysqld_z.exe: Shutdown complete (mysqld 8.2.0)  MySQL Community Server - GPL.
2023-12-15T13:12:33.560822Z 0 [System] [MY-015016] [Server] MySQL Server - end.
2023-12-15T13:12:41.107953Z 0 [System] [MY-015015] [Server] MySQL Server - start.
2023-12-15T13:12:41.193335Z 0 [System] [MY-010116] [Server] C:\Users\Idriss Boukmouche\Desktop\pos\mysql\bin\mysqld_z.exe (mysqld 8.2.0) starting as process 11124
2023-12-15T13:12:41.205689Z 1 [System] [MY-013576] [InnoDB] InnoDB initialization has started.
2023-12-15T13:12:41.500833Z 1 [System] [MY-013577] [InnoDB] InnoDB initialization has ended.
2023-12-15T13:12:42.136756Z 0 [Warning] [MY-010068] [Server] CA certificate ca.pem is self signed.
2023-12-15T13:12:42.137199Z 0 [System] [MY-013602] [Server] Channel mysql_main configured to support TLS. Encrypted connections are now supported for this channel.
2023-12-15T13:12:42.285246Z 0 [System] [MY-011323] [Server] X Plugin ready for connections. Bind-address: '::' port: 33060
2023-12-15T13:12:42.285474Z 0 [System] [MY-010931] [Server] C:\Users\Idriss Boukmouche\Desktop\pos\mysql\bin\mysqld_z.exe: ready for connections. Version: '8.2.0'  socket: ''  port: 3311  MySQL Community Server - GPL.
2023-12-15T13:14:08.206591Z 15 [System] [MY-013172] [Server] Received SHUTDOWN from user root. Shutting down mysqld (Version: 8.2.0).
2023-12-15T13:14:08.207331Z 0 [System] [MY-013105] [Server] C:\Users\Idriss Boukmouche\Desktop\pos\mysql\bin\mysqld_z.exe: Normal shutdown.
2023-12-15T13:14:09.008684Z 0 [System] [MY-010910] [Server] C:\Users\Idriss Boukmouche\Desktop\pos\mysql\bin\mysqld_z.exe: Shutdown complete (mysqld 8.2.0)  MySQL Community Server - GPL.
2023-12-15T13:14:09.010422Z 0 [System] [MY-015016] [Server] MySQL Server - end.
2023-12-15T13:16:25.034682Z 0 [System] [MY-015015] [Server] MySQL Server - start.
2023-12-15T13:16:25.364588Z 0 [System] [MY-010116] [Server] C:\Users\Idriss Boukmouche\Desktop\pos\mysql\bin\mysqld_z.exe (mysqld 8.2.0) starting as process 13540
2023-12-15T13:16:25.380489Z 1 [System] [MY-013576] [InnoDB] InnoDB initialization has started.
2023-12-15T13:16:25.680319Z 1 [System] [MY-013577] [InnoDB] InnoDB initialization has ended.
2023-12-15T13:16:26.406903Z 0 [Warning] [MY-010068] [Server] CA certificate ca.pem is self signed.
2023-12-15T13:16:26.407177Z 0 [System] [MY-013602] [Server] Channel mysql_main configured to support TLS. Encrypted connections are now supported for this channel.
2023-12-15T13:16:26.485676Z 0 [System] [MY-011323] [Server] X Plugin ready for connections. Bind-address: '::' port: 33060
2023-12-15T13:16:26.485935Z 0 [System] [MY-010931] [Server] C:\Users\Idriss Boukmouche\Desktop\pos\mysql\bin\mysqld_z.exe: ready for connections. Version: '8.2.0'  socket: ''  port: 3311  MySQL Community Server - GPL.
2023-12-15T13:17:05.363740Z 11 [System] [MY-013172] [Server] Received SHUTDOWN from user root. Shutting down mysqld (Version: 8.2.0).
2023-12-15T13:17:05.364172Z 0 [System] [MY-013105] [Server] C:\Users\Idriss Boukmouche\Desktop\pos\mysql\bin\mysqld_z.exe: Normal shutdown.
2023-12-15T13:17:05.630530Z 0 [System] [MY-010910] [Server] C:\Users\Idriss Boukmouche\Desktop\pos\mysql\bin\mysqld_z.exe: Shutdown complete (mysqld 8.2.0)  MySQL Community Server - GPL.
2023-12-15T13:17:05.631978Z 0 [System] [MY-015016] [Server] MySQL Server - end.
2023-12-15T13:17:12.532929Z 0 [System] [MY-015015] [Server] MySQL Server - start.
2023-12-15T13:17:12.926146Z 0 [System] [MY-010116] [Server] C:\Users\Idriss Boukmouche\Desktop\pos\mysql\bin\mysqld_z.exe (mysqld 8.2.0) starting as process 12344
2023-12-15T13:17:12.938322Z 1 [System] [MY-013576] [InnoDB] InnoDB initialization has started.
2023-12-15T13:17:13.239344Z 1 [System] [MY-013577] [InnoDB] InnoDB initialization has ended.
2023-12-15T13:17:14.061257Z 0 [Warning] [MY-010068] [Server] CA certificate ca.pem is self signed.
2023-12-15T13:17:14.061525Z 0 [System] [MY-013602] [Server] Channel mysql_main configured to support TLS. Encrypted connections are now supported for this channel.
2023-12-15T13:17:14.127628Z 0 [System] [MY-011323] [Server] X Plugin ready for connections. Bind-address: '::' port: 33060
2023-12-15T13:17:14.127903Z 0 [System] [MY-010931] [Server] C:\Users\Idriss Boukmouche\Desktop\pos\mysql\bin\mysqld_z.exe: ready for connections. Version: '8.2.0'  socket: ''  port: 3311  MySQL Community Server - GPL.
2023-12-15T13:17:29.094112Z 10 [System] [MY-013172] [Server] Received SHUTDOWN from user root. Shutting down mysqld (Version: 8.2.0).
2023-12-15T13:17:29.094678Z 0 [System] [MY-013105] [Server] C:\Users\Idriss Boukmouche\Desktop\pos\mysql\bin\mysqld_z.exe: Normal shutdown.
2023-12-15T13:17:29.921795Z 0 [System] [MY-010910] [Server] C:\Users\Idriss Boukmouche\Desktop\pos\mysql\bin\mysqld_z.exe: Shutdown complete (mysqld 8.2.0)  MySQL Community Server - GPL.
2023-12-15T13:17:29.923188Z 0 [System] [MY-015016] [Server] MySQL Server - end.
2023-12-15T13:18:19.457171Z 0 [System] [MY-015015] [Server] MySQL Server - start.
2023-12-15T13:18:19.809834Z 0 [System] [MY-010116] [Server] C:\Users\Idriss Boukmouche\Desktop\pos\mysql\bin\mysqld_z.exe (mysqld 8.2.0) starting as process 13656
2023-12-15T13:18:19.831451Z 1 [System] [MY-013576] [InnoDB] InnoDB initialization has started.
2023-12-15T13:18:20.191834Z 1 [System] [MY-013577] [InnoDB] InnoDB initialization has ended.
2023-12-15T13:18:20.941820Z 0 [Warning] [MY-010068] [Server] CA certificate ca.pem is self signed.
2023-12-15T13:18:20.942088Z 0 [System] [MY-013602] [Server] Channel mysql_main configured to support TLS. Encrypted connections are now supported for this channel.
2023-12-15T13:18:21.005041Z 0 [System] [MY-011323] [Server] X Plugin ready for connections. Bind-address: '::' port: 33060
2023-12-15T13:18:21.005262Z 0 [System] [MY-010931] [Server] C:\Users\Idriss Boukmouche\Desktop\pos\mysql\bin\mysqld_z.exe: ready for connections. Version: '8.2.0'  socket: ''  port: 3311  MySQL Community Server - GPL.
2023-12-15T13:18:50.779995Z 10 [System] [MY-013172] [Server] Received SHUTDOWN from user root. Shutting down mysqld (Version: 8.2.0).
2023-12-15T13:18:50.780736Z 0 [System] [MY-013105] [Server] C:\Users\Idriss Boukmouche\Desktop\pos\mysql\bin\mysqld_z.exe: Normal shutdown.
2023-12-15T13:18:52.041892Z 0 [System] [MY-010910] [Server] C:\Users\Idriss Boukmouche\Desktop\pos\mysql\bin\mysqld_z.exe: Shutdown complete (mysqld 8.2.0)  MySQL Community Server - GPL.
2023-12-15T13:18:52.043679Z 0 [System] [MY-015016] [Server] MySQL Server - end.
2023-12-15T13:18:56.059067Z 0 [System] [MY-015015] [Server] MySQL Server - start.
2023-12-15T13:18:56.212826Z 0 [System] [MY-010116] [Server] C:\Users\Idriss Boukmouche\Desktop\pos\mysql\bin\mysqld_z.exe (mysqld 8.2.0) starting as process 15332
2023-12-15T13:18:56.232816Z 1 [System] [MY-013576] [InnoDB] InnoDB initialization has started.
2023-12-15T13:18:56.630349Z 1 [System] [MY-013577] [InnoDB] InnoDB initialization has ended.
2023-12-15T13:18:57.453503Z 0 [Warning] [MY-010068] [Server] CA certificate ca.pem is self signed.
2023-12-15T13:18:57.453768Z 0 [System] [MY-013602] [Server] Channel mysql_main configured to support TLS. Encrypted connections are now supported for this channel.
2023-12-15T13:18:57.526416Z 0 [System] [MY-011323] [Server] X Plugin ready for connections. Bind-address: '::' port: 33060
2023-12-15T13:18:57.526760Z 0 [System] [MY-010931] [Server] C:\Users\Idriss Boukmouche\Desktop\pos\mysql\bin\mysqld_z.exe: ready for connections. Version: '8.2.0'  socket: ''  port: 3311  MySQL Community Server - GPL.
2023-12-15T13:19:05.376777Z 12 [System] [MY-013172] [Server] Received SHUTDOWN from user root. Shutting down mysqld (Version: 8.2.0).
2023-12-15T13:19:05.376821Z 11 [System] [MY-013172] [Server] Received SHUTDOWN from user root. Shutting down mysqld (Version: 8.2.0).
2023-12-15T13:19:05.377212Z 0 [System] [MY-013105] [Server] C:\Users\Idriss Boukmouche\Desktop\pos\mysql\bin\mysqld_z.exe: Normal shutdown.
2023-12-15T13:19:06.276329Z 0 [System] [MY-010910] [Server] C:\Users\Idriss Boukmouche\Desktop\pos\mysql\bin\mysqld_z.exe: Shutdown complete (mysqld 8.2.0)  MySQL Community Server - GPL.
2023-12-15T13:19:06.277708Z 0 [System] [MY-015016] [Server] MySQL Server - end.
2023-12-15T13:19:14.457498Z 0 [System] [MY-015015] [Server] MySQL Server - start.
2023-12-15T13:19:14.797779Z 0 [System] [MY-010116] [Server] C:\Users\Idriss Boukmouche\Desktop\pos\mysql\bin\mysqld_z.exe (mysqld 8.2.0) starting as process 9724
2023-12-15T13:19:14.811387Z 1 [System] [MY-013576] [InnoDB] InnoDB initialization has started.
2023-12-15T13:19:15.142914Z 1 [System] [MY-013577] [InnoDB] InnoDB initialization has ended.
2023-12-15T13:19:15.946756Z 0 [Warning] [MY-010068] [Server] CA certificate ca.pem is self signed.
2023-12-15T13:19:15.947022Z 0 [System] [MY-013602] [Server] Channel mysql_main configured to support TLS. Encrypted connections are now supported for this channel.
2023-12-15T13:19:16.047136Z 0 [System] [MY-011323] [Server] X Plugin ready for connections. Bind-address: '::' port: 33060
2023-12-15T13:19:16.047492Z 0 [System] [MY-010931] [Server] C:\Users\Idriss Boukmouche\Desktop\pos\mysql\bin\mysqld_z.exe: ready for connections. Version: '8.2.0'  socket: ''  port: 3311  MySQL Community Server - GPL.
2023-12-15T13:19:26.843032Z 12 [System] [MY-013172] [Server] Received SHUTDOWN from user root. Shutting down mysqld (Version: 8.2.0).
2023-12-15T13:19:26.843971Z 0 [System] [MY-013105] [Server] C:\Users\Idriss Boukmouche\Desktop\pos\mysql\bin\mysqld_z.exe: Normal shutdown.
2023-12-15T13:19:29.770921Z 0 [System] [MY-010910] [Server] C:\Users\Idriss Boukmouche\Desktop\pos\mysql\bin\mysqld_z.exe: Shutdown complete (mysqld 8.2.0)  MySQL Community Server - GPL.
2023-12-15T13:19:29.772408Z 0 [System] [MY-015016] [Server] MySQL Server - end.
2023-12-15T13:21:23.110114Z 0 [System] [MY-015015] [Server] MySQL Server - start.
2023-12-15T13:21:23.271231Z 0 [System] [MY-010116] [Server] C:\Users\Idriss Boukmouche\Desktop\pos\mysql\bin\mysqld_z.exe (mysqld 8.2.0) starting as process 15544
2023-12-15T13:21:23.290585Z 1 [System] [MY-013576] [InnoDB] InnoDB initialization has started.
2023-12-15T13:21:23.673328Z 1 [System] [MY-013577] [InnoDB] InnoDB initialization has ended.
2023-12-15T13:21:24.474759Z 0 [Warning] [MY-010068] [Server] CA certificate ca.pem is self signed.
2023-12-15T13:21:24.475429Z 0 [System] [MY-013602] [Server] Channel mysql_main configured to support TLS. Encrypted connections are now supported for this channel.
2023-12-15T13:21:24.622867Z 0 [System] [MY-011323] [Server] X Plugin ready for connections. Bind-address: '::' port: 33060
2023-12-15T13:21:24.624422Z 0 [System] [MY-010931] [Server] C:\Users\Idriss Boukmouche\Desktop\pos\mysql\bin\mysqld_z.exe: ready for connections. Version: '8.2.0'  socket: ''  port: 3311  MySQL Community Server - GPL.
2023-12-15T13:29:56.752640Z 128 [System] [MY-013172] [Server] Received SHUTDOWN from user root. Shutting down mysqld (Version: 8.2.0).
2023-12-15T13:29:56.753153Z 0 [System] [MY-013105] [Server] C:\Users\Idriss Boukmouche\Desktop\pos\mysql\bin\mysqld_z.exe: Normal shutdown.
2023-12-15T13:29:58.754905Z 0 [Warning] [MY-010909] [Server] C:\Users\Idriss Boukmouche\Desktop\pos\mysql\bin\mysqld_z.exe: Forcing close of thread 47  user: 'root'.
2023-12-15T13:29:59.252045Z 0 [System] [MY-010910] [Server] C:\Users\Idriss Boukmouche\Desktop\pos\mysql\bin\mysqld_z.exe: Shutdown complete (mysqld 8.2.0)  MySQL Community Server - GPL.
2023-12-15T13:29:59.253964Z 0 [System] [MY-015016] [Server] MySQL Server - end.
2023-12-15T13:32:39.337410Z 0 [System] [MY-015015] [Server] MySQL Server - start.
2023-12-15T13:32:39.444680Z 0 [System] [MY-010116] [Server] C:\Users\Idriss Boukmouche\Desktop\pos\mysql\bin\mysqld_z.exe (mysqld 8.2.0) starting as process 3212
2023-12-15T13:32:39.458915Z 1 [System] [MY-013576] [InnoDB] InnoDB initialization has started.
2023-12-15T13:32:39.881614Z 1 [System] [MY-013577] [InnoDB] InnoDB initialization has ended.
2023-12-15T13:32:40.590785Z 0 [Warning] [MY-010068] [Server] CA certificate ca.pem is self signed.
2023-12-15T13:32:40.591127Z 0 [System] [MY-013602] [Server] Channel mysql_main configured to support TLS. Encrypted connections are now supported for this channel.
2023-12-15T13:32:40.676329Z 0 [System] [MY-011323] [Server] X Plugin ready for connections. Bind-address: '::' port: 33060
2023-12-15T13:32:40.676688Z 0 [System] [MY-010931] [Server] C:\Users\Idriss Boukmouche\Desktop\pos\mysql\bin\mysqld_z.exe: ready for connections. Version: '8.2.0'  socket: ''  port: 3311  MySQL Community Server - GPL.
2023-12-15T13:33:09.678305Z 8 [System] [MY-013172] [Server] Received SHUTDOWN from user root. Shutting down mysqld (Version: 8.2.0).
2023-12-15T13:33:09.678729Z 0 [System] [MY-013105] [Server] C:\Users\Idriss Boukmouche\Desktop\pos\mysql\bin\mysqld_z.exe: Normal shutdown.
2023-12-15T13:33:10.727445Z 0 [System] [MY-010910] [Server] C:\Users\Idriss Boukmouche\Desktop\pos\mysql\bin\mysqld_z.exe: Shutdown complete (mysqld 8.2.0)  MySQL Community Server - GPL.
2023-12-15T13:33:10.728809Z 0 [System] [MY-015016] [Server] MySQL Server - end.
2023-12-15T13:39:33.675935Z 0 [System] [MY-015015] [Server] MySQL Server - start.
2023-12-15T13:39:33.791338Z 0 [System] [MY-010116] [Server] C:\Users\Idriss Boukmouche\Desktop\pos\mysql\bin\mysqld_z.exe (mysqld 8.2.0) starting as process 15288
2023-12-15T13:39:33.808304Z 1 [System] [MY-013576] [InnoDB] InnoDB initialization has started.
2023-12-15T13:39:34.199269Z 1 [System] [MY-013577] [InnoDB] InnoDB initialization has ended.
2023-12-15T13:39:35.008279Z 0 [Warning] [MY-010068] [Server] CA certificate ca.pem is self signed.
2023-12-15T13:39:35.008615Z 0 [System] [MY-013602] [Server] Channel mysql_main configured to support TLS. Encrypted connections are now supported for this channel.
2023-12-15T13:39:35.095504Z 0 [System] [MY-011323] [Server] X Plugin ready for connections. Bind-address: '::' port: 33060
2023-12-15T13:39:35.095933Z 0 [System] [MY-010931] [Server] C:\Users\Idriss Boukmouche\Desktop\pos\mysql\bin\mysqld_z.exe: ready for connections. Version: '8.2.0'  socket: ''  port: 3311  MySQL Community Server - GPL.
2023-12-15T13:39:48.211895Z 13 [System] [MY-013172] [Server] Received SHUTDOWN from user root. Shutting down mysqld (Version: 8.2.0).
2023-12-15T13:39:48.212334Z 0 [System] [MY-013105] [Server] C:\Users\Idriss Boukmouche\Desktop\pos\mysql\bin\mysqld_z.exe: Normal shutdown.
2023-12-15T13:39:48.212375Z 12 [System] [MY-013172] [Server] Received SHUTDOWN from user root. Shutting down mysqld (Version: 8.2.0).
2023-12-15T13:39:50.935411Z 0 [System] [MY-010910] [Server] C:\Users\Idriss Boukmouche\Desktop\pos\mysql\bin\mysqld_z.exe: Shutdown complete (mysqld 8.2.0)  MySQL Community Server - GPL.
2023-12-15T13:39:50.936861Z 0 [System] [MY-015016] [Server] MySQL Server - end.
2023-12-15T13:43:14.510129Z 0 [System] [MY-015015] [Server] MySQL Server - start.
2023-12-15T13:43:14.619777Z 0 [System] [MY-010116] [Server] C:\Users\Idriss Boukmouche\Desktop\pos\mysql\bin\mysqld_z.exe (mysqld 8.2.0) starting as process 13560
2023-12-15T13:43:14.635978Z 1 [System] [MY-013576] [InnoDB] InnoDB initialization has started.
2023-12-15T13:43:15.035267Z 1 [System] [MY-013577] [InnoDB] InnoDB initialization has ended.
2023-12-15T13:43:15.721262Z 0 [Warning] [MY-010068] [Server] CA certificate ca.pem is self signed.
2023-12-15T13:43:15.721537Z 0 [System] [MY-013602] [Server] Channel mysql_main configured to support TLS. Encrypted connections are now supported for this channel.
2023-12-15T13:43:15.781999Z 0 [System] [MY-011323] [Server] X Plugin ready for connections. Bind-address: '::' port: 33060
2023-12-15T13:43:15.782203Z 0 [System] [MY-010931] [Server] C:\Users\Idriss Boukmouche\Desktop\pos\mysql\bin\mysqld_z.exe: ready for connections. Version: '8.2.0'  socket: ''  port: 3311  MySQL Community Server - GPL.
2023-12-15T13:43:56.508831Z 0 [System] [MY-015015] [Server] MySQL Server - start.
2023-12-15T13:43:56.639425Z 0 [System] [MY-010116] [Server] C:\Users\Idriss Boukmouche\Desktop\pos\mysql\bin\mysqld_z.exe (mysqld 8.2.0) starting as process 14948
2023-12-15T13:43:56.654022Z 1 [System] [MY-013576] [InnoDB] InnoDB initialization has started.
2023-12-15T13:43:57.255964Z 1 [System] [MY-013577] [InnoDB] InnoDB initialization has ended.
2023-12-15T13:43:57.815771Z 0 [System] [MY-010229] [Server] Starting XA crash recovery...
2023-12-15T13:43:57.820529Z 0 [System] [MY-010232] [Server] XA crash recovery finished.
2023-12-15T13:43:57.872993Z 0 [Warning] [MY-010068] [Server] CA certificate ca.pem is self signed.
2023-12-15T13:43:57.873385Z 0 [System] [MY-013602] [Server] Channel mysql_main configured to support TLS. Encrypted connections are now supported for this channel.
2023-12-15T13:43:57.936253Z 0 [System] [MY-011323] [Server] X Plugin ready for connections. Bind-address: '::' port: 33060
2023-12-15T13:43:57.936446Z 0 [System] [MY-010931] [Server] C:\Users\Idriss Boukmouche\Desktop\pos\mysql\bin\mysqld_z.exe: ready for connections. Version: '8.2.0'  socket: ''  port: 3311  MySQL Community Server - GPL.
2023-12-15T13:44:09.059147Z 13 [System] [MY-013172] [Server] Received SHUTDOWN from user root. Shutting down mysqld (Version: 8.2.0).
2023-12-15T13:44:09.059787Z 0 [System] [MY-013105] [Server] C:\Users\Idriss Boukmouche\Desktop\pos\mysql\bin\mysqld_z.exe: Normal shutdown.
2023-12-15T13:44:09.059994Z 12 [System] [MY-013172] [Server] Received SHUTDOWN from user root. Shutting down mysqld (Version: 8.2.0).
